<?xml version="1.0" encoding="UTF-8"?>
<!DOCTYPE beans PUBLIC "-//SPRING//DTD BEAN//EN"
    "http://www.springframework.org/dtd/spring-beans.dtd">
<beans>
   <bean id="testBean"
         class="com.apress.springbook.chapter02.ConstructorTestBean">
      <constructor-arg value="Steven Devijver"/>
<!--
      <constructor-arg value="1"/>
-->
      <constructor-arg value="1" type="java.lang.Integer"/>
   </bean>
</beans>
